<?xml version="1.0" encoding="UTF-8"?>
<testsuite name="com.sanjeev.demo.HelloGradleTest" tests="1" skipped="0" failures="0" errors="0" timestamp="2017-10-29T07:16:28" hostname="DESKTOP-SANJEEV" time="0.001">
  <properties/>
  <testcase name="test" classname="com.sanjeev.demo.HelloGradleTest" time="0.001"/>
  <system-out><![CDATA[]]></system-out>
  <system-err><![CDATA[]]></system-err>
</testsuite>
